{"numFailedTestSuites":1,"numFailedTests":1,"numPassedTestSuites":0,"numPassedTests":0,"numPendingTestSuites":0,"numPendingTests":0,"numRuntimeErrorTestSuites":0,"numTodoTests":0,"numTotalTestSuites":1,"numTotalTests":1,"openHandles":[],"snapshot":{"added":0,"didUpdate":false,"failure":false,"filesAdded":0,"filesRemoved":0,"filesRemovedList":[],"filesUnmatched":0,"filesUpdated":0,"matched":0,"total":0,"unchecked":0,"uncheckedKeysByFile":[],"unmatched":0,"updated":0},"startTime":1771919192383,"success":false,"testResults":[{"assertionResults":[{"ancestorTitles":[],"failureMessages":["Error: Invariant failed: You should not use <Switch> outside a <Router>\n    at invariant (C:\\Users\\Rupa Singh\\OneDrive\\Desktop\\Projects\\xflix\\xflix_fullstack\\frontend\\node_modules\\tiny-invariant\\dist\\tiny-invariant.cjs.js:14:11)\n    at C:\\Users\\Rupa Singh\\OneDrive\\Desktop\\Projects\\xflix\\xflix_fullstack\\frontend\\node_modules\\react-router\\modules\\Switch.js:17:11\n    at updateContextConsumer (C:\\Users\\Rupa Singh\\OneDrive\\Desktop\\Projects\\xflix\\xflix_fullstack\\frontend\\node_modules\\react-dom\\cjs\\react-dom.development.js:22051:19)\n    at beginWork (C:\\Users\\Rupa Singh\\OneDrive\\Desktop\\Projects\\xflix\\xflix_fullstack\\frontend\\node_modules\\react-dom\\cjs\\react-dom.development.js:22481:14)\n    at beginWork$1 (C:\\Users\\Rupa Singh\\OneDrive\\Desktop\\Projects\\xflix\\xflix_fullstack\\frontend\\node_modules\\react-dom\\cjs\\react-dom.development.js:27381:14)\n    at performUnitOfWork (C:\\Users\\Rupa Singh\\OneDrive\\Desktop\\Projects\\xflix\\xflix_fullstack\\frontend\\node_modules\\react-dom\\cjs\\react-dom.development.js:26516:12)\n    at workLoopSync (C:\\Users\\Rupa Singh\\OneDrive\\Desktop\\Projects\\xflix\\xflix_fullstack\\frontend\\node_modules\\react-dom\\cjs\\react-dom.development.js:26422:5)\n    at renderRootSync (C:\\Users\\Rupa Singh\\OneDrive\\Desktop\\Projects\\xflix\\xflix_fullstack\\frontend\\node_modules\\react-dom\\cjs\\react-dom.development.js:26390:7)\n    at recoverFromConcurrentError (C:\\Users\\Rupa Singh\\OneDrive\\Desktop\\Projects\\xflix\\xflix_fullstack\\frontend\\node_modules\\react-dom\\cjs\\react-dom.development.js:25806:20)\n    at performConcurrentWorkOnRoot (C:\\Users\\Rupa Singh\\OneDrive\\Desktop\\Projects\\xflix\\xflix_fullstack\\frontend\\node_modules\\react-dom\\cjs\\react-dom.development.js:25706:22)\n    at flushActQueue (C:\\Users\\Rupa Singh\\OneDrive\\Desktop\\Projects\\xflix\\xflix_fullstack\\frontend\\node_modules\\react\\cjs\\react.development.js:2665:24)\n    at act (C:\\Users\\Rupa Singh\\OneDrive\\Desktop\\Projects\\xflix\\xflix_fullstack\\frontend\\node_modules\\react\\cjs\\react.development.js:2580:11)\n    at C:\\Users\\Rupa Singh\\OneDrive\\Desktop\\Projects\\xflix\\xflix_fullstack\\frontend\\node_modules\\@testing-library\\react\\dist\\act-compat.js:63:25\n    at renderRoot (C:\\Users\\Rupa Singh\\OneDrive\\Desktop\\Projects\\xflix\\xflix_fullstack\\frontend\\node_modules\\@testing-library\\react\\dist\\pure.js:159:26)\n    at render (C:\\Users\\Rupa Singh\\OneDrive\\Desktop\\Projects\\xflix\\xflix_fullstack\\frontend\\node_modules\\@testing-library\\react\\dist\\pure.js:246:10)\n    at Object.<anonymous> (C:\\Users\\Rupa Singh\\OneDrive\\Desktop\\Projects\\xflix\\xflix_fullstack\\frontend\\src\\App.test.js:5:9)\n    at Promise.then.completed (C:\\Users\\Rupa Singh\\OneDrive\\Desktop\\Projects\\xflix\\xflix_fullstack\\frontend\\node_modules\\jest-circus\\build\\utils.js:391:28)\n    at new Promise (<anonymous>)\n    at callAsyncCircusFn (C:\\Users\\Rupa Singh\\OneDrive\\Desktop\\Projects\\xflix\\xflix_fullstack\\frontend\\node_modules\\jest-circus\\build\\utils.js:316:10)\n    at _callCircusTest (C:\\Users\\Rupa Singh\\OneDrive\\Desktop\\Projects\\xflix\\xflix_fullstack\\frontend\\node_modules\\jest-circus\\build\\run.js:218:40)\n    at processTicksAndRejections (node:internal/process/task_queues:95:5)\n    at _runTest (C:\\Users\\Rupa Singh\\OneDrive\\Desktop\\Projects\\xflix\\xflix_fullstack\\frontend\\node_modules\\jest-circus\\build\\run.js:155:3)\n    at _runTestsForDescribeBlock (C:\\Users\\Rupa Singh\\OneDrive\\Desktop\\Projects\\xflix\\xflix_fullstack\\frontend\\node_modules\\jest-circus\\build\\run.js:66:9)\n    at run (C:\\Users\\Rupa Singh\\OneDrive\\Desktop\\Projects\\xflix\\xflix_fullstack\\frontend\\node_modules\\jest-circus\\build\\run.js:25:3)\n    at runAndTransformResultsToJestFormat (C:\\Users\\Rupa Singh\\OneDrive\\Desktop\\Projects\\xflix\\xflix_fullstack\\frontend\\node_modules\\jest-circus\\build\\legacy-code-todo-rewrite\\jestAdapterInit.js:170:21)\n    at jestAdapter (C:\\Users\\Rupa Singh\\OneDrive\\Desktop\\Projects\\xflix\\xflix_fullstack\\frontend\\node_modules\\jest-circus\\build\\legacy-code-todo-rewrite\\jestAdapter.js:82:19)\n    at runTestInternal (C:\\Users\\Rupa Singh\\OneDrive\\Desktop\\Projects\\xflix\\xflix_fullstack\\frontend\\node_modules\\jest-runner\\build\\runTest.js:389:16)\n    at runTest (C:\\Users\\Rupa Singh\\OneDrive\\Desktop\\Projects\\xflix\\xflix_fullstack\\frontend\\node_modules\\jest-runner\\build\\runTest.js:475:34)\n    at TestRunner.runTests (C:\\Users\\Rupa Singh\\OneDrive\\Desktop\\Projects\\xflix\\xflix_fullstack\\frontend\\node_modules\\jest-runner\\build\\index.js:101:12)\n    at TestScheduler.scheduleTests (C:\\Users\\Rupa Singh\\OneDrive\\Desktop\\Projects\\xflix\\xflix_fullstack\\frontend\\node_modules\\@jest\\core\\build\\TestScheduler.js:333:13)\n    at runJest (C:\\Users\\Rupa Singh\\OneDrive\\Desktop\\Projects\\xflix\\xflix_fullstack\\frontend\\node_modules\\@jest\\core\\build\\runJest.js:404:19)"],"fullName":"renders learn react link","location":null,"status":"failed","title":"renders learn react link"}],"endTime":1771919214164,"message":"\u001b[1m\u001b[31m  \u001b[1m● \u001b[22m\u001b[1mrenders learn react link\u001b[39m\u001b[22m\n\n    Invariant failed: You should not use <Switch> outside a <Router>\n\u001b[2m\u001b[22m\n\u001b[2m    \u001b[0m \u001b[90m 3 |\u001b[39m\u001b[22m\n\u001b[2m     \u001b[90m 4 |\u001b[39m test(\u001b[32m'renders learn react link'\u001b[39m\u001b[33m,\u001b[39m () \u001b[33m=>\u001b[39m {\u001b[22m\n\u001b[2m    \u001b[31m\u001b[1m>\u001b[22m\u001b[2m\u001b[39m\u001b[90m 5 |\u001b[39m   render(\u001b[33m<\u001b[39m\u001b[33mApp\u001b[39m \u001b[33m/\u001b[39m\u001b[33m>\u001b[39m)\u001b[33m;\u001b[39m\u001b[22m\n\u001b[2m     \u001b[90m   |\u001b[39m         \u001b[31m\u001b[1m^\u001b[22m\u001b[2m\u001b[39m\u001b[22m\n\u001b[2m     \u001b[90m 6 |\u001b[39m   \u001b[36mconst\u001b[39m linkElement \u001b[33m=\u001b[39m screen\u001b[33m.\u001b[39mgetByText(\u001b[35m/learn react/i\u001b[39m)\u001b[33m;\u001b[39m\u001b[22m\n\u001b[2m     \u001b[90m 7 |\u001b[39m   expect(linkElement)\u001b[33m.\u001b[39mtoBeInTheDocument()\u001b[33m;\u001b[39m\u001b[22m\n\u001b[2m     \u001b[90m 8 |\u001b[39m })\u001b[33m;\u001b[39m\u001b[0m\u001b[22m\n\u001b[2m\u001b[22m\n\u001b[2m      \u001b[2mat invariant (\u001b[22m\u001b[2mnode_modules/tiny-invariant/dist/tiny-invariant.cjs.js\u001b[2m:14:11)\u001b[22m\u001b[2m\u001b[22m\n\u001b[2m      \u001b[2mat \u001b[22m\u001b[2mnode_modules/react-router/modules/Switch.js\u001b[2m:17:11\u001b[22m\u001b[2m\u001b[22m\n\u001b[2m      \u001b[2mat updateContextConsumer (\u001b[22m\u001b[2mnode_modules/react-dom/cjs/react-dom.development.js\u001b[2m:22051:19)\u001b[22m\u001b[2m\u001b[22m\n\u001b[2m      \u001b[2mat beginWork (\u001b[22m\u001b[2mnode_modules/react-dom/cjs/react-dom.development.js\u001b[2m:22481:14)\u001b[22m\u001b[2m\u001b[22m\n\u001b[2m      \u001b[2mat beginWork$1 (\u001b[22m\u001b[2mnode_modules/react-dom/cjs/react-dom.development.js\u001b[2m:27381:14)\u001b[22m\u001b[2m\u001b[22m\n\u001b[2m      \u001b[2mat performUnitOfWork (\u001b[22m\u001b[2mnode_modules/react-dom/cjs/react-dom.development.js\u001b[2m:26516:12)\u001b[22m\u001b[2m\u001b[22m\n\u001b[2m      \u001b[2mat workLoopSync (\u001b[22m\u001b[2mnode_modules/react-dom/cjs/react-dom.development.js\u001b[2m:26422:5)\u001b[22m\u001b[2m\u001b[22m\n\u001b[2m      \u001b[2mat renderRootSync (\u001b[22m\u001b[2mnode_modules/react-dom/cjs/react-dom.development.js\u001b[2m:26390:7)\u001b[22m\u001b[2m\u001b[22m\n\u001b[2m      \u001b[2mat recoverFromConcurrentError (\u001b[22m\u001b[2mnode_modules/react-dom/cjs/react-dom.development.js\u001b[2m:25806:20)\u001b[22m\u001b[2m\u001b[22m\n\u001b[2m      \u001b[2mat performConcurrentWorkOnRoot (\u001b[22m\u001b[2mnode_modules/react-dom/cjs/react-dom.development.js\u001b[2m:25706:22)\u001b[22m\u001b[2m\u001b[22m\n\u001b[2m      \u001b[2mat flushActQueue (\u001b[22m\u001b[2mnode_modules/react/cjs/react.development.js\u001b[2m:2665:24)\u001b[22m\u001b[2m\u001b[22m\n\u001b[2m      \u001b[2mat act (\u001b[22m\u001b[2mnode_modules/react/cjs/react.development.js\u001b[2m:2580:11)\u001b[22m\u001b[2m\u001b[22m\n\u001b[2m      \u001b[2mat \u001b[22m\u001b[2mnode_modules/@testing-library/react/dist/act-compat.js\u001b[2m:63:25\u001b[22m\u001b[2m\u001b[22m\n\u001b[2m      \u001b[2mat renderRoot (\u001b[22m\u001b[2mnode_modules/@testing-library/react/dist/pure.js\u001b[2m:159:26)\u001b[22m\u001b[2m\u001b[22m\n\u001b[2m      \u001b[2mat render (\u001b[22m\u001b[2mnode_modules/@testing-library/react/dist/pure.js\u001b[2m:246:10)\u001b[22m\u001b[2m\u001b[22m\n\u001b[2m      \u001b[2mat Object.<anonymous> (\u001b[22m\u001b[2m\u001b[0m\u001b[36msrc/App.test.js\u001b[39m\u001b[0m\u001b[2m:5:9)\u001b[22m\u001b[2m\u001b[22m\n\u001b[2m      \u001b[2mat TestScheduler.scheduleTests (\u001b[22m\u001b[2mnode_modules/@jest/core/build/TestScheduler.js\u001b[2m:333:13)\u001b[22m\u001b[2m\u001b[22m\n\u001b[2m      \u001b[2mat runJest (\u001b[22m\u001b[2mnode_modules/@jest/core/build/runJest.js\u001b[2m:404:19)\u001b[22m\u001b[2m\u001b[22m\n","name":"C:\\Users\\Rupa Singh\\OneDrive\\Desktop\\Projects\\xflix\\xflix_fullstack\\frontend\\src\\App.test.js","startTime":1771919194467,"status":"failed","summary":""}],"wasInterrupted":false}